<?xml version="1.0" encoding="UTF-8"?>
<!-- Generated by org.testng.reporters.JUnitXMLReporter -->
<testsuite ignored="0" hostname="Abdulraheem" failures="0" tests="4" name="Default test" time="3.147" errors="0" timestamp="2024-06-24T19:28:45 EET">
  <testcase classname="dataBaseTesting.myTestcases" name="addData" time="0.029"/>
  <testcase classname="dataBaseTesting.myTestcases" name="updateData" time="0.009"/>
  <testcase classname="dataBaseTesting.myTestcases" name="getData" time="2.771"/>
  <testcase classname="dataBaseTesting.myTestcases" name="DeleteData" time="0.004"/>
</testsuite> <!-- Default test -->
