<?xml version="1.0" encoding="UTF-8"?>
<testng-results ignored="0" total="4" passed="4" failed="0" skipped="0">
  <reporter-output>
  </reporter-output>
  <suite started-at="2024-06-24T19:28:41 EET" name="Default suite" finished-at="2024-06-24T19:28:45 EET" duration-ms="3147">
    <groups>
    </groups>
    <test started-at="2024-06-24T19:28:41 EET" name="Default test" finished-at="2024-06-24T19:28:45 EET" duration-ms="3147">
      <class name="dataBaseTesting.myTestcases">
        <test-method is-config="true" signature="Setup()[pri:0, instance:dataBaseTesting.myTestcases@68ead359]" started-at="2024-06-24T19:28:41 EET" name="Setup" finished-at="2024-06-24T19:28:42 EET" duration-ms="293" status="PASS">
          <reporter-output>
          </reporter-output>
        </test-method> <!-- Setup -->
        <test-method signature="addData()[pri:1, instance:dataBaseTesting.myTestcases@68ead359]" started-at="2024-06-24T19:28:42 EET" name="addData" finished-at="2024-06-24T19:28:42 EET" duration-ms="29" status="PASS">
          <reporter-output>
          </reporter-output>
        </test-method> <!-- addData -->
        <test-method signature="updateData()[pri:2, instance:dataBaseTesting.myTestcases@68ead359]" started-at="2024-06-24T19:28:42 EET" name="updateData" finished-at="2024-06-24T19:28:42 EET" duration-ms="9" status="PASS">
          <reporter-output>
          </reporter-output>
        </test-method> <!-- updateData -->
        <test-method signature="getData()[pri:3, instance:dataBaseTesting.myTestcases@68ead359]" started-at="2024-06-24T19:28:42 EET" name="getData" finished-at="2024-06-24T19:28:45 EET" duration-ms="2771" status="PASS">
          <reporter-output>
          </reporter-output>
        </test-method> <!-- getData -->
        <test-method signature="DeleteData()[pri:4, instance:dataBaseTesting.myTestcases@68ead359]" started-at="2024-06-24T19:28:45 EET" name="DeleteData" finished-at="2024-06-24T19:28:45 EET" duration-ms="4" status="PASS">
          <reporter-output>
          </reporter-output>
        </test-method> <!-- DeleteData -->
      </class> <!-- dataBaseTesting.myTestcases -->
    </test> <!-- Default test -->
  </suite> <!-- Default suite -->
</testng-results>
